[2023-01-28T10:49:50.634+0000] {taskinstance.py:1165} INFO - Dependencies all met for <TaskInstance: real_estate_data_pipeline.clean_and_transform_data scheduled__2023-01-25T01:00:00+00:00 [queued]>
[2023-01-28T10:49:50.640+0000] {taskinstance.py:1165} INFO - Dependencies all met for <TaskInstance: real_estate_data_pipeline.clean_and_transform_data scheduled__2023-01-25T01:00:00+00:00 [queued]>
[2023-01-28T10:49:50.641+0000] {taskinstance.py:1362} INFO - 
--------------------------------------------------------------------------------
[2023-01-28T10:49:50.641+0000] {taskinstance.py:1363} INFO - Starting attempt 2 of 2
[2023-01-28T10:49:50.642+0000] {taskinstance.py:1364} INFO - 
--------------------------------------------------------------------------------
[2023-01-28T10:49:50.649+0000] {taskinstance.py:1383} INFO - Executing <Task(PythonOperator): clean_and_transform_data> on 2023-01-25 01:00:00+00:00
[2023-01-28T10:49:50.653+0000] {standard_task_runner.py:54} INFO - Started process 340 to run task
[2023-01-28T10:49:50.656+0000] {standard_task_runner.py:82} INFO - Running: ['***', 'tasks', 'run', 'real_estate_data_pipeline', 'clean_and_transform_data', 'scheduled__2023-01-25T01:00:00+00:00', '--job-id', '1237', '--raw', '--subdir', 'DAGS_FOLDER/real_estate_dag.py', '--cfg-path', '/tmp/tmpj9buhmqg']
[2023-01-28T10:49:50.657+0000] {standard_task_runner.py:83} INFO - Job 1237: Subtask clean_and_transform_data
[2023-01-28T10:49:50.658+0000] {dagbag.py:525} INFO - Filling up the DagBag from /opt/***/dags/real_estate_dag.py
[2023-01-28T10:49:50.869+0000] {task_command.py:384} INFO - Running <TaskInstance: real_estate_data_pipeline.clean_and_transform_data scheduled__2023-01-25T01:00:00+00:00 [running]> on host 9667f615f42a
[2023-01-28T10:49:50.911+0000] {taskinstance.py:1592} INFO - Exporting the following env vars:
AIRFLOW_CTX_DAG_OWNER=me
AIRFLOW_CTX_DAG_ID=real_estate_data_pipeline
AIRFLOW_CTX_TASK_ID=clean_and_transform_data
AIRFLOW_CTX_EXECUTION_DATE=2023-01-25T01:00:00+00:00
AIRFLOW_CTX_TRY_NUMBER=2
AIRFLOW_CTX_DAG_RUN_ID=scheduled__2023-01-25T01:00:00+00:00
[2023-01-28T10:49:50.920+0000] {logging_mixin.py:117} INFO - The value of the dataframe 1 is :
[2023-01-28T10:49:50.921+0000] {logging_mixin.py:117} INFO - {'address': {'0': '1234 Elm St', '1': '5678 Oak Ave', '2': '1234 Birch Rd'}, 'city': {'0': 'Anytown', '1': 'Othertown', '2': 'Sometown'}, 'zipcode': {'0': 12345, '1': 67890, '2': 54321}, 'price': {'0': 500000, '1': 450000, '2': 425000}, 'bedrooms': {'0': 3, '1': 4, '2': 3}, 'bathrooms': {'0': 2.0, '1': 2.5, '2': 2.0}, 'sqft': {'0': 2000, '1': 2500, '2': 1500}, 'sale_date': {'0': '2022-01-01', '1': '2022-01-02', '2': '2022-01-03'}}
[2023-01-28T10:49:50.922+0000] {logging_mixin.py:117} INFO - The value of the dataframe 2 is :
[2023-01-28T10:49:50.931+0000] {logging_mixin.py:117} INFO -      address.0     address.1      address.2  ... sale_date.0 sale_date.1 sale_date.2
0  1234 Elm St  5678 Oak Ave  1234 Birch Rd  ...  2022-01-01  2022-01-02  2022-01-03

[1 rows x 24 columns]
[2023-01-28T10:49:50.933+0000] {taskinstance.py:1851} ERROR - Task failed with exception
Traceback (most recent call last):
  File "/home/airflow/.local/lib/python3.7/site-packages/pandas/core/indexes/base.py", line 3361, in get_loc
    return self._engine.get_loc(casted_key)
  File "pandas/_libs/index.pyx", line 76, in pandas._libs.index.IndexEngine.get_loc
  File "pandas/_libs/index.pyx", line 108, in pandas._libs.index.IndexEngine.get_loc
  File "pandas/_libs/hashtable_class_helper.pxi", line 5198, in pandas._libs.hashtable.PyObjectHashTable.get_item
  File "pandas/_libs/hashtable_class_helper.pxi", line 5206, in pandas._libs.hashtable.PyObjectHashTable.get_item
KeyError: 'price'

The above exception was the direct cause of the following exception:

Traceback (most recent call last):
  File "/home/airflow/.local/lib/python3.7/site-packages/airflow/operators/python.py", line 175, in execute
    return_value = self.execute_callable()
  File "/home/airflow/.local/lib/python3.7/site-packages/airflow/operators/python.py", line 193, in execute_callable
    return self.python_callable(*self.op_args, **self.op_kwargs)
  File "/opt/airflow/dags/real_estate_dag.py", line 56, in clean_and_transform_data
    df = df[df['price'] > 0]  # remove rows with 0 price
  File "/home/airflow/.local/lib/python3.7/site-packages/pandas/core/frame.py", line 3458, in __getitem__
    indexer = self.columns.get_loc(key)
  File "/home/airflow/.local/lib/python3.7/site-packages/pandas/core/indexes/base.py", line 3363, in get_loc
    raise KeyError(key) from err
KeyError: 'price'
[2023-01-28T10:49:50.942+0000] {taskinstance.py:1406} INFO - Marking task as FAILED. dag_id=real_estate_data_pipeline, task_id=clean_and_transform_data, execution_date=20230125T010000, start_date=20230128T104950, end_date=20230128T104950
[2023-01-28T10:49:50.949+0000] {standard_task_runner.py:107} ERROR - Failed to execute job 1237 for task clean_and_transform_data ('price'; 340)
[2023-01-28T10:49:50.995+0000] {local_task_job.py:164} INFO - Task exited with return code 1
[2023-01-28T10:49:51.014+0000] {local_task_job.py:273} INFO - 0 downstream tasks scheduled from follow-on schedule check
